<?xml version="1.0" encoding="UTF-8"?>
<testng-results skipped="0" failed="0" total="3" passed="3">
  <reporter-output>
  </reporter-output>
  <suite name="Default suite" duration-ms="83142" started-at="2021-04-29T14:30:45Z" finished-at="2021-04-29T14:32:08Z">
    <groups>
    </groups>
    <test name="Default test" duration-ms="83142" started-at="2021-04-29T14:30:45Z" finished-at="2021-04-29T14:32:08Z">
      <class name="auttestcase.LoginPageTest">
        <test-method status="PASS" signature="testVerifyLogo()[pri:1, instance:auttestcase.LoginPageTest@4678c730]" name="testVerifyLogo" duration-ms="28918" started-at="2021-04-29T10:30:45Z" finished-at="2021-04-29T10:31:14Z">
          <reporter-output>
          </reporter-output>
        </test-method> <!-- testVerifyLogo -->
        <test-method status="PASS" signature="testVerifyPageTitle()[pri:2, instance:auttestcase.LoginPageTest@4678c730]" name="testVerifyPageTitle" duration-ms="24515" started-at="2021-04-29T10:31:14Z" finished-at="2021-04-29T10:31:39Z">
          <reporter-output>
          </reporter-output>
        </test-method> <!-- testVerifyPageTitle -->
        <test-method status="PASS" signature="testLoginFn()[pri:3, instance:auttestcase.LoginPageTest@4678c730]" name="testLoginFn" duration-ms="29657" started-at="2021-04-29T10:31:39Z" finished-at="2021-04-29T10:32:08Z">
          <reporter-output>
          </reporter-output>
        </test-method> <!-- testLoginFn -->
      </class> <!-- auttestcase.LoginPageTest -->
    </test> <!-- Default test -->
  </suite> <!-- Default suite -->
</testng-results>
